c:\users\user\desktop\pg2 project\card game\debug\vc120.pdb
c:\users\user\desktop\pg2 project\card game\debug\vc120.idb
c:\users\user\desktop\pg2 project\card game\debug\player.obj
c:\users\user\desktop\pg2 project\card game\debug\assertexception.obj
c:\users\user\desktop\pg2 project\card game\debug\checks.obj
c:\users\user\desktop\pg2 project\card game\debug\currenttest.obj
c:\users\user\desktop\pg2 project\card game\debug\deferredtestreporter.obj
c:\users\user\desktop\pg2 project\card game\debug\deferredtestresult.obj
c:\users\user\desktop\pg2 project\card game\debug\memoryoutstream.obj
c:\users\user\desktop\pg2 project\card game\debug\reportassert.obj
c:\users\user\desktop\pg2 project\card game\debug\test.obj
c:\users\user\desktop\pg2 project\card game\debug\testdetails.obj
c:\users\user\desktop\pg2 project\card game\debug\testlist.obj
c:\users\user\desktop\pg2 project\card game\debug\testreporter.obj
c:\users\user\desktop\pg2 project\card game\debug\testreporterstdout.obj
c:\users\user\desktop\pg2 project\card game\debug\testresults.obj
c:\users\user\desktop\pg2 project\card game\debug\testrunner.obj
c:\users\user\desktop\pg2 project\card game\debug\timeconstraint.obj
c:\users\user\desktop\pg2 project\card game\debug\timehelpers.obj
c:\users\user\desktop\pg2 project\card game\debug\xmltestreporter.obj
c:\users\user\desktop\pg2 project\card game\debug\stack.obj
c:\users\user\desktop\pg2 project\card game\debug\testmanager.obj
c:\users\user\desktop\pg2 project\card game\debug\card.obj
c:\users\user\desktop\pg2 project\card game\debug\computer.obj
c:\users\user\desktop\pg2 project\card game\debug\console.obj
c:\users\user\desktop\pg2 project\card game\debug\deck.obj
c:\users\user\desktop\pg2 project\card game\debug\game.obj
c:\users\user\desktop\pg2 project\card game\debug\human.obj
c:\users\user\desktop\pg2 project\card game\debug\lab1_test.obj
c:\users\user\desktop\pg2 project\card game\debug\lab2_test.obj
c:\users\user\desktop\pg2 project\card game\debug\lab3_test.obj
c:\users\user\desktop\pg2 project\card game\debug\lab4_test.obj
c:\users\user\desktop\pg2 project\card game\debug\lab5_test.obj
c:\users\user\desktop\pg2 project\card game\debug\lab7_test.obj
c:\users\user\desktop\pg2 project\card game\debug\main.obj
c:\users\user\desktop\pg2 project\debug\card game.ilk
c:\users\user\desktop\pg2 project\debug\card game.exe
c:\users\user\desktop\pg2 project\debug\card game.pdb
c:\users\user\desktop\pg2 project\card game\debug\card game.tlog\cl.command.1.tlog
c:\users\user\desktop\pg2 project\card game\debug\card game.tlog\cl.read.1.tlog
c:\users\user\desktop\pg2 project\card game\debug\card game.tlog\cl.write.1.tlog
c:\users\user\desktop\pg2 project\card game\debug\card game.tlog\link.command.1.tlog
c:\users\user\desktop\pg2 project\card game\debug\card game.tlog\link.read.1.tlog
c:\users\user\desktop\pg2 project\card game\debug\card game.tlog\link.write.1.tlog
